0 info it worked if it ends with ok
1 verbose cli [
1 verbose cli   'C:\\Program Files\\nodejs\\node.exe',
1 verbose cli   'C:\\Users\\hp411819\\AppData\\Roaming\\npm\\node_modules\\npm\\bin\\npm-cli.js',
1 verbose cli   'start'
1 verbose cli ]
2 info using npm@3.10.3
3 info using node@v14.17.1
4 verbose run-script [ 'prestart', 'start', 'poststart' ]
5 info lifecycle storefront_backend@0.1.0~prestart: storefront_backend@0.1.0
6 silly lifecycle storefront_backend@0.1.0~prestart: no script for prestart, continuing
7 info lifecycle storefront_backend@0.1.0~start: storefront_backend@0.1.0
8 verbose lifecycle storefront_backend@0.1.0~start: unsafe-perm in lifecycle true
9 verbose lifecycle storefront_backend@0.1.0~start: PATH: C:\Users\hp411819\AppData\Roaming\npm\node_modules\npm\bin\node-gyp-bin;C:\Users\hp411819\Desktop\MythicalWeapons\mythicalweapons\node_modules\.bin;C:\Program Files\nodejs;C:\WINDOWS\system32;C:\WINDOWS;C:\WINDOWS\System32\Wbem;C:\WINDOWS\System32\WindowsPowerShell\v1.0\;C:\WINDOWS\System32\OpenSSH\;C:\Program Files\Git\cmd;C:\Program Files\nodejs\;C:\Users\hp411819\AppData\Local\Microsoft\WindowsApps;C:\Program Files (x86)\mingw-w64\i686-8.1.0-posix-dwarf-rt_v6-rev0\mingw32\bin;C:\Users\hp411819\AppData\Roaming\npm
10 verbose lifecycle storefront_backend@0.1.0~start: CWD: C:\Users\hp411819\Desktop\MythicalWeapons\mythicalweapons
11 silly lifecycle storefront_backend@0.1.0~start: Args: [ '/d /s /c', 'node src/server.ts' ]
12 silly lifecycle storefront_backend@0.1.0~start: Returned: code: 1  signal: null
13 info lifecycle storefront_backend@0.1.0~start: Failed to exec start script
14 verbose stack Error: storefront_backend@0.1.0 start: `node src/server.ts`
14 verbose stack Exit status 1
14 verbose stack     at EventEmitter.<anonymous> (C:\Users\hp411819\AppData\Roaming\npm\node_modules\npm\lib\utils\lifecycle.js:242:16)
14 verbose stack     at EventEmitter.emit (events.js:375:28)
14 verbose stack     at ChildProcess.<anonymous> (C:\Users\hp411819\AppData\Roaming\npm\node_modules\npm\lib\utils\spawn.js:40:14)
14 verbose stack     at ChildProcess.emit (events.js:375:28)
14 verbose stack     at maybeClose (internal/child_process.js:1055:16)
14 verbose stack     at Process.ChildProcess._handle.onexit (internal/child_process.js:288:5)
15 verbose pkgid storefront_backend@0.1.0
16 verbose cwd C:\Users\hp411819\Desktop\MythicalWeapons\mythicalweapons
17 error Windows_NT 10.0.19043
18 error argv "C:\\Program Files\\nodejs\\node.exe" "C:\\Users\\hp411819\\AppData\\Roaming\\npm\\node_modules\\npm\\bin\\npm-cli.js" "start"
19 error node v14.17.1
20 error npm  v3.10.3
21 error code ELIFECYCLE
22 error storefront_backend@0.1.0 start: `node src/server.ts`
22 error Exit status 1
23 error Failed at the storefront_backend@0.1.0 start script 'node src/server.ts'.
23 error Make sure you have the latest version of node.js and npm installed.
23 error If you do, this is most likely a problem with the storefront_backend package,
23 error not with npm itself.
23 error Tell the author that this fails on your system:
23 error     node src/server.ts
23 error You can get information on how to open an issue for this project with:
23 error     npm bugs storefront_backend
23 error Or if that isn't available, you can get their info via:
23 error     npm owner ls storefront_backend
23 error There is likely additional logging output above.
24 verbose exit [ 1, true ]
